07-Sep-2024 15:30:02.238 INFO [main] org.apache.catalina.startup.VersionLoggerListener.log 서버 버전 이름:    Apache Tomcat/10.1.28
07-Sep-2024 15:30:02.245 INFO [main] org.apache.catalina.startup.VersionLoggerListener.log Server 빌드 시각:  Aug 2 2024 15:14:43 UTC
07-Sep-2024 15:30:02.246 INFO [main] org.apache.catalina.startup.VersionLoggerListener.log Server 버전 번호:  10.1.28.0
07-Sep-2024 15:30:02.246 INFO [main] org.apache.catalina.startup.VersionLoggerListener.log 운영체제 이름:     Windows 10
07-Sep-2024 15:30:02.246 INFO [main] org.apache.catalina.startup.VersionLoggerListener.log 운영체제 버전:     10.0
07-Sep-2024 15:30:02.247 INFO [main] org.apache.catalina.startup.VersionLoggerListener.log 아키텍처:          amd64
07-Sep-2024 15:30:02.247 INFO [main] org.apache.catalina.startup.VersionLoggerListener.log 자바 홈:           C:\Users\admin\.jdks\openjdk-22.0.2
07-Sep-2024 15:30:02.247 INFO [main] org.apache.catalina.startup.VersionLoggerListener.log JVM 버전:          22.0.2+9-70
07-Sep-2024 15:30:02.247 INFO [main] org.apache.catalina.startup.VersionLoggerListener.log JVM 벤더:          Oracle Corporation
07-Sep-2024 15:30:02.247 INFO [main] org.apache.catalina.startup.VersionLoggerListener.log CATALINA_BASE:     C:\work\jsp_projects\JSP_board
07-Sep-2024 15:30:02.248 INFO [main] org.apache.catalina.startup.VersionLoggerListener.log CATALINA_HOME:     C:\work\apache-tomcat-10.1.28
07-Sep-2024 15:30:02.263 INFO [main] org.apache.catalina.startup.VersionLoggerListener.log 명령 행 아규먼트:  --add-opens=java.base/java.lang=ALL-UNNAMED
07-Sep-2024 15:30:02.263 INFO [main] org.apache.catalina.startup.VersionLoggerListener.log 명령 행 아규먼트:  --add-opens=java.base/java.io=ALL-UNNAMED
07-Sep-2024 15:30:02.264 INFO [main] org.apache.catalina.startup.VersionLoggerListener.log 명령 행 아규먼트:  --add-opens=java.base/java.util=ALL-UNNAMED
07-Sep-2024 15:30:02.264 INFO [main] org.apache.catalina.startup.VersionLoggerListener.log 명령 행 아규먼트:  --add-opens=java.base/java.util.concurrent=ALL-UNNAMED
07-Sep-2024 15:30:02.264 INFO [main] org.apache.catalina.startup.VersionLoggerListener.log 명령 행 아규먼트:  --add-opens=java.rmi/sun.rmi.transport=ALL-UNNAMED
07-Sep-2024 15:30:02.264 INFO [main] org.apache.catalina.startup.VersionLoggerListener.log 명령 행 아규먼트:  -Dcatalina.home=C:\work\apache-tomcat-10.1.28
07-Sep-2024 15:30:02.264 INFO [main] org.apache.catalina.startup.VersionLoggerListener.log 명령 행 아규먼트:  -Dcatalina.base=C:\work\jsp_projects\JSP_board
07-Sep-2024 15:30:02.265 INFO [main] org.apache.catalina.startup.VersionLoggerListener.log 명령 행 아규먼트:  -Djava.io.tmpdir=C:\work\jsp_projects\JSP_board\temp
07-Sep-2024 15:30:02.265 INFO [main] org.apache.catalina.startup.VersionLoggerListener.log 명령 행 아규먼트:  -Djava.util.logging.config.file=C:\work\jsp_projects\JSP_board\conf\logging.properties
07-Sep-2024 15:30:02.265 INFO [main] org.apache.catalina.startup.VersionLoggerListener.log 명령 행 아규먼트:  -Djava.util.logging.manager=org.apache.juli.ClassLoaderLogManager
07-Sep-2024 15:30:02.265 INFO [main] org.apache.catalina.startup.VersionLoggerListener.log 명령 행 아규먼트:  -javaagent:C:\Program Files\JetBrains\IntelliJ IDEA Community Edition 2024.2.1\lib\idea_rt.jar=52040:C:\Program Files\JetBrains\IntelliJ IDEA Community Edition 2024.2.1\bin
07-Sep-2024 15:30:02.265 INFO [main] org.apache.catalina.startup.VersionLoggerListener.log 명령 행 아규먼트:  -Dfile.encoding=UTF-8
07-Sep-2024 15:30:02.265 INFO [main] org.apache.catalina.startup.VersionLoggerListener.log 명령 행 아규먼트:  -Dsun.stdout.encoding=UTF-8
07-Sep-2024 15:30:02.266 INFO [main] org.apache.catalina.startup.VersionLoggerListener.log 명령 행 아규먼트:  -Dsun.stderr.encoding=UTF-8
07-Sep-2024 15:30:02.270 INFO [main] org.apache.catalina.core.AprLifecycleListener.lifecycleEvent APR 버전 [1.7.4]을(를) 사용한, APR 기반 Apache Tomcat Native 라이브러리 [2.0.8]을(를) 로드했습니다.
07-Sep-2024 15:30:02.284 INFO [main] org.apache.catalina.core.AprLifecycleListener.initializeSSL OpenSSL이 성공적으로 초기화되었습니다: [OpenSSL 3.0.14 4 Jun 2024]
07-Sep-2024 15:30:02.798 INFO [main] org.apache.coyote.AbstractProtocol.init 프로토콜 핸들러 ["http-nio-8080"]을(를) 초기화합니다.
07-Sep-2024 15:30:02.830 INFO [main] org.apache.catalina.startup.Catalina.load [1019] 밀리초 내에 서버가 초기화되었습니다.
07-Sep-2024 15:30:02.920 INFO [main] org.apache.catalina.core.StandardService.startInternal 서비스 [Catalina]을(를) 시작합니다.
07-Sep-2024 15:30:02.920 INFO [main] org.apache.catalina.core.StandardEngine.startInternal 서버 엔진을 시작합니다: [Apache Tomcat/10.1.28]
07-Sep-2024 15:30:02.944 INFO [main] org.apache.catalina.startup.HostConfig.deployDescriptor 배치 descriptor [C:\work\jsp_projects\JSP_board\conf\Catalina\localhost\ROOT.xml]을(를) 배치합니다.
07-Sep-2024 15:30:03.573 INFO [main] org.apache.jasper.servlet.TldScanner.scanJars 적어도 하나의 JAR가 TLD들을 찾기 위해 스캔되었으나 아무 것도 찾지 못했습니다. 스캔했으나 TLD가 없는 JAR들의 전체 목록을 보시려면, 로그 레벨을 디버그 레벨로 설정하십시오. 스캔 과정에서 불필요한 JAR들을 건너뛰면, 시스템 시작 시간과 JSP 컴파일 시간을 단축시킬 수 있습니다.
07-Sep-2024 15:30:03.657 INFO [main] org.apache.catalina.startup.HostConfig.deployDescriptor 배치 descriptor [C:\work\jsp_projects\JSP_board\conf\Catalina\localhost\ROOT.xml]의 배치가 [710] 밀리초 내에 완료되었습니다.
07-Sep-2024 15:30:03.663 INFO [main] org.apache.coyote.AbstractProtocol.start 프로토콜 핸들러 ["http-nio-8080"]을(를) 시작합니다.
07-Sep-2024 15:30:03.697 INFO [main] org.apache.catalina.startup.Catalina.start 서버가 [864] 밀리초 내에 시작되었습니다.
07-Sep-2024 15:43:46.803 INFO [Thread-1] org.apache.coyote.AbstractProtocol.pause 프로토콜 핸들러 ["http-nio-8080"]을(를) 일시 정지 중
07-Sep-2024 15:43:46.809 INFO [Thread-1] org.apache.catalina.core.StandardService.stopInternal 서비스 [Catalina]을(를) 중지시킵니다.
07-Sep-2024 15:43:46.826 INFO [Thread-1] org.apache.coyote.AbstractProtocol.stop 프로토콜 핸들러 ["http-nio-8080"]을(를) 중지시킵니다.
07-Sep-2024 15:43:46.845 INFO [Thread-1] org.apache.coyote.AbstractProtocol.destroy 프로토콜 핸들러 ["http-nio-8080"]을(를) 소멸시킵니다.
07-Sep-2024 16:00:05.031 INFO [main] org.apache.catalina.startup.VersionLoggerListener.log 서버 버전 이름:    Apache Tomcat/10.1.28
07-Sep-2024 16:00:05.036 INFO [main] org.apache.catalina.startup.VersionLoggerListener.log Server 빌드 시각:  Aug 2 2024 15:14:43 UTC
07-Sep-2024 16:00:05.036 INFO [main] org.apache.catalina.startup.VersionLoggerListener.log Server 버전 번호:  10.1.28.0
07-Sep-2024 16:00:05.036 INFO [main] org.apache.catalina.startup.VersionLoggerListener.log 운영체제 이름:     Windows 10
07-Sep-2024 16:00:05.037 INFO [main] org.apache.catalina.startup.VersionLoggerListener.log 운영체제 버전:     10.0
07-Sep-2024 16:00:05.037 INFO [main] org.apache.catalina.startup.VersionLoggerListener.log 아키텍처:          amd64
07-Sep-2024 16:00:05.037 INFO [main] org.apache.catalina.startup.VersionLoggerListener.log 자바 홈:           C:\Users\admin\.jdks\openjdk-22.0.2
07-Sep-2024 16:00:05.037 INFO [main] org.apache.catalina.startup.VersionLoggerListener.log JVM 버전:          22.0.2+9-70
07-Sep-2024 16:00:05.037 INFO [main] org.apache.catalina.startup.VersionLoggerListener.log JVM 벤더:          Oracle Corporation
07-Sep-2024 16:00:05.037 INFO [main] org.apache.catalina.startup.VersionLoggerListener.log CATALINA_BASE:     C:\work\jsp_projects\JSP_board
07-Sep-2024 16:00:05.037 INFO [main] org.apache.catalina.startup.VersionLoggerListener.log CATALINA_HOME:     C:\work\apache-tomcat-10.1.28
07-Sep-2024 16:00:05.050 INFO [main] org.apache.catalina.startup.VersionLoggerListener.log 명령 행 아규먼트:  --add-opens=java.base/java.lang=ALL-UNNAMED
07-Sep-2024 16:00:05.051 INFO [main] org.apache.catalina.startup.VersionLoggerListener.log 명령 행 아규먼트:  --add-opens=java.base/java.io=ALL-UNNAMED
07-Sep-2024 16:00:05.051 INFO [main] org.apache.catalina.startup.VersionLoggerListener.log 명령 행 아규먼트:  --add-opens=java.base/java.util=ALL-UNNAMED
07-Sep-2024 16:00:05.051 INFO [main] org.apache.catalina.startup.VersionLoggerListener.log 명령 행 아규먼트:  --add-opens=java.base/java.util.concurrent=ALL-UNNAMED
07-Sep-2024 16:00:05.051 INFO [main] org.apache.catalina.startup.VersionLoggerListener.log 명령 행 아규먼트:  --add-opens=java.rmi/sun.rmi.transport=ALL-UNNAMED
07-Sep-2024 16:00:05.051 INFO [main] org.apache.catalina.startup.VersionLoggerListener.log 명령 행 아규먼트:  -Dcatalina.home=C:\work\apache-tomcat-10.1.28
07-Sep-2024 16:00:05.051 INFO [main] org.apache.catalina.startup.VersionLoggerListener.log 명령 행 아규먼트:  -Dcatalina.base=C:\work\jsp_projects\JSP_board
07-Sep-2024 16:00:05.052 INFO [main] org.apache.catalina.startup.VersionLoggerListener.log 명령 행 아규먼트:  -Djava.io.tmpdir=C:\work\jsp_projects\JSP_board\temp
07-Sep-2024 16:00:05.052 INFO [main] org.apache.catalina.startup.VersionLoggerListener.log 명령 행 아규먼트:  -Djava.util.logging.config.file=C:\work\jsp_projects\JSP_board\conf\logging.properties
07-Sep-2024 16:00:05.052 INFO [main] org.apache.catalina.startup.VersionLoggerListener.log 명령 행 아규먼트:  -Djava.util.logging.manager=org.apache.juli.ClassLoaderLogManager
07-Sep-2024 16:00:05.052 INFO [main] org.apache.catalina.startup.VersionLoggerListener.log 명령 행 아규먼트:  -javaagent:C:\Program Files\JetBrains\IntelliJ IDEA Community Edition 2024.2.1\lib\idea_rt.jar=54353:C:\Program Files\JetBrains\IntelliJ IDEA Community Edition 2024.2.1\bin
07-Sep-2024 16:00:05.052 INFO [main] org.apache.catalina.startup.VersionLoggerListener.log 명령 행 아규먼트:  -Dfile.encoding=UTF-8
07-Sep-2024 16:00:05.052 INFO [main] org.apache.catalina.startup.VersionLoggerListener.log 명령 행 아규먼트:  -Dsun.stdout.encoding=UTF-8
07-Sep-2024 16:00:05.052 INFO [main] org.apache.catalina.startup.VersionLoggerListener.log 명령 행 아규먼트:  -Dsun.stderr.encoding=UTF-8
07-Sep-2024 16:00:05.056 INFO [main] org.apache.catalina.core.AprLifecycleListener.lifecycleEvent APR 버전 [1.7.4]을(를) 사용한, APR 기반 Apache Tomcat Native 라이브러리 [2.0.8]을(를) 로드했습니다.
07-Sep-2024 16:00:05.066 INFO [main] org.apache.catalina.core.AprLifecycleListener.initializeSSL OpenSSL이 성공적으로 초기화되었습니다: [OpenSSL 3.0.14 4 Jun 2024]
07-Sep-2024 16:00:05.502 INFO [main] org.apache.coyote.AbstractProtocol.init 프로토콜 핸들러 ["http-nio-8080"]을(를) 초기화합니다.
07-Sep-2024 16:00:05.537 INFO [main] org.apache.catalina.startup.Catalina.load [873] 밀리초 내에 서버가 초기화되었습니다.
07-Sep-2024 16:00:05.613 INFO [main] org.apache.catalina.core.StandardService.startInternal 서비스 [Catalina]을(를) 시작합니다.
07-Sep-2024 16:00:05.613 INFO [main] org.apache.catalina.core.StandardEngine.startInternal 서버 엔진을 시작합니다: [Apache Tomcat/10.1.28]
07-Sep-2024 16:00:05.629 INFO [main] org.apache.catalina.startup.HostConfig.deployDescriptor 배치 descriptor [C:\work\jsp_projects\JSP_board\conf\Catalina\localhost\ROOT.xml]을(를) 배치합니다.
07-Sep-2024 16:00:06.230 INFO [main] org.apache.jasper.servlet.TldScanner.scanJars 적어도 하나의 JAR가 TLD들을 찾기 위해 스캔되었으나 아무 것도 찾지 못했습니다. 스캔했으나 TLD가 없는 JAR들의 전체 목록을 보시려면, 로그 레벨을 디버그 레벨로 설정하십시오. 스캔 과정에서 불필요한 JAR들을 건너뛰면, 시스템 시작 시간과 JSP 컴파일 시간을 단축시킬 수 있습니다.
07-Sep-2024 16:00:06.311 INFO [main] org.apache.catalina.startup.HostConfig.deployDescriptor 배치 descriptor [C:\work\jsp_projects\JSP_board\conf\Catalina\localhost\ROOT.xml]의 배치가 [678] 밀리초 내에 완료되었습니다.
07-Sep-2024 16:00:06.322 INFO [main] org.apache.coyote.AbstractProtocol.start 프로토콜 핸들러 ["http-nio-8080"]을(를) 시작합니다.
07-Sep-2024 16:00:06.361 INFO [main] org.apache.catalina.startup.Catalina.start 서버가 [821] 밀리초 내에 시작되었습니다.
07-Sep-2024 16:03:46.189 INFO [Thread-1] org.apache.coyote.AbstractProtocol.pause 프로토콜 핸들러 ["http-nio-8080"]을(를) 일시 정지 중
07-Sep-2024 16:03:46.197 INFO [Thread-1] org.apache.catalina.core.StandardService.stopInternal 서비스 [Catalina]을(를) 중지시킵니다.
07-Sep-2024 16:03:46.209 INFO [Thread-1] org.apache.coyote.AbstractProtocol.stop 프로토콜 핸들러 ["http-nio-8080"]을(를) 중지시킵니다.
07-Sep-2024 16:03:46.234 INFO [Thread-1] org.apache.coyote.AbstractProtocol.destroy 프로토콜 핸들러 ["http-nio-8080"]을(를) 소멸시킵니다.
